<?xml version="1.0" encoding="UTF-8"?>
<testsuites>
  <testsuite name="fastlane.lanes">
    
    
    
      
      <testcase classname="fastlane.lanes" name="0: default_platform" time="0.000165727">
        
      </testcase>
    
      
      <testcase classname="fastlane.lanes" name="1: installDebug" time="1.999950553">
        
          <failure message="/var/lib/gems/2.5.0/gems/fastlane-2.156.1/fastlane/lib/fastlane/actions/actions_helper.rb:48:in `execute_action'&#10;/var/lib/gems/2.5.0/gems/fastlane-2.156.1/fastlane/lib/fastlane/runner.rb:255:in `block in execute_action'&#10;/var/lib/gems/2.5.0/gems/fastlane-2.156.1/fastlane/lib/fastlane/runner.rb:229:in `chdir'&#10;/var/lib/gems/2.5.0/gems/fastlane-2.156.1/fastlane/lib/fastlane/runner.rb:229:in `execute_action'&#10;/var/lib/gems/2.5.0/gems/fastlane-2.156.1/fastlane/lib/fastlane/runner.rb:157:in `trigger_action_by_name'&#10;/var/lib/gems/2.5.0/gems/fastlane-2.156.1/fastlane/lib/fastlane/fast_file.rb:159:in `method_missing'&#10;Fastfile:25:in `block (2 levels) in parsing_binding'&#10;/var/lib/gems/2.5.0/gems/fastlane-2.156.1/fastlane/lib/fastlane/lane.rb:33:in `call'&#10;/var/lib/gems/2.5.0/gems/fastlane-2.156.1/fastlane/lib/fastlane/runner.rb:49:in `block in execute'&#10;/var/lib/gems/2.5.0/gems/fastlane-2.156.1/fastlane/lib/fastlane/runner.rb:45:in `chdir'&#10;/var/lib/gems/2.5.0/gems/fastlane-2.156.1/fastlane/lib/fastlane/runner.rb:45:in `execute'&#10;/var/lib/gems/2.5.0/gems/fastlane-2.156.1/fastlane/lib/fastlane/lane_manager.rb:47:in `cruise_lane'&#10;/var/lib/gems/2.5.0/gems/fastlane-2.156.1/fastlane/lib/fastlane/command_line_handler.rb:36:in `handle'&#10;/var/lib/gems/2.5.0/gems/fastlane-2.156.1/fastlane/lib/fastlane/commands_generator.rb:108:in `block (2 levels) in run'&#10;/var/lib/gems/2.5.0/gems/commander-fastlane-4.4.6/lib/commander/command.rb:178:in `call'&#10;/var/lib/gems/2.5.0/gems/commander-fastlane-4.4.6/lib/commander/command.rb:153:in `run'&#10;/var/lib/gems/2.5.0/gems/commander-fastlane-4.4.6/lib/commander/runner.rb:476:in `run_active_command'&#10;/var/lib/gems/2.5.0/gems/fastlane-2.156.1/fastlane_core/lib/fastlane_core/ui/fastlane_runner.rb:76:in `run!'&#10;/var/lib/gems/2.5.0/gems/commander-fastlane-4.4.6/lib/commander/delegates.rb:15:in `run!'&#10;/var/lib/gems/2.5.0/gems/fastlane-2.156.1/fastlane/lib/fastlane/commands_generator.rb:352:in `run'&#10;/var/lib/gems/2.5.0/gems/fastlane-2.156.1/fastlane/lib/fastlane/commands_generator.rb:41:in `start'&#10;/var/lib/gems/2.5.0/gems/fastlane-2.156.1/fastlane/lib/fastlane/cli_tools_distributor.rb:119:in `take_off'&#10;/var/lib/gems/2.5.0/gems/fastlane-2.156.1/bin/fastlane:23:in `&lt;top (required)&gt;'&#10;/usr/local/bin/fastlane:23:in `load'&#10;/usr/local/bin/fastlane:23:in `&lt;main&gt;'&#10;&#10;Exit status of command '/data/develop/Estudo/Alura/Android/alura-viagens/gradlew installDebug -p .' was 1 instead of 0.&#10;&gt; Task :app:preBuild UP-TO-DATE&#10;&gt; Task :app:preDebugBuild UP-TO-DATE&#10;&gt; Task :app:compileDebugAidl NO-SOURCE&#10;&gt; Task :app:compileDebugRenderscript NO-SOURCE&#10;&gt; Task :app:generateDebugBuildConfig UP-TO-DATE&#10;&gt; Task :app:javaPreCompileDebug UP-TO-DATE&#10;&gt; Task :app:generateDebugResValues UP-TO-DATE&#10;&gt; Task :app:generateDebugResources UP-TO-DATE&#10;&gt; Task :app:createDebugCompatibleScreenManifests UP-TO-DATE&#10;&gt; Task :app:extractDeepLinksDebug UP-TO-DATE&#10;&gt; Task :app:processDebugManifest UP-TO-DATE&#10;&gt; Task :app:mergeDebugShaders UP-TO-DATE&#10;&gt; Task :app:compileDebugShaders NO-SOURCE&#10;&gt; Task :app:generateDebugAssets UP-TO-DATE&#10;&gt; Task :app:mergeDebugAssets UP-TO-DATE&#10;&gt; Task :app:processDebugJavaRes NO-SOURCE&#10;&gt; Task :app:mergeDebugJavaResource UP-TO-DATE&#10;&gt; Task :app:checkDebugDuplicateClasses UP-TO-DATE&#10;&gt; Task :app:desugarDebugFileDependencies UP-TO-DATE&#10;&gt; Task :app:mergeExtDexDebug UP-TO-DATE&#10;&gt; Task :app:mergeDebugJniLibFolders UP-TO-DATE&#10;&gt; Task :app:mergeDebugNativeLibs UP-TO-DATE&#10;&gt; Task :app:stripDebugDebugSymbols NO-SOURCE&#10;&gt; Task :app:validateSigningDebug UP-TO-DATE&#10;&gt; Task :app:mergeDebugResources UP-TO-DATE&#10;&gt; Task :app:processDebugResources UP-TO-DATE&#10;&gt; Task :app:compileDebugJavaWithJavac UP-TO-DATE&#10;&gt; Task :app:dexBuilderDebug UP-TO-DATE&#10;&gt; Task :app:mergeDexDebug UP-TO-DATE&#10;&gt; Task :app:packageDebug UP-TO-DATE&#10;&#10;&gt; Task :app:installDebug FAILED&#10;Installing APK 'app-debug.apk' on 'Mi A3 - 10' for app:debug&#10;Unable to install /data/develop/Estudo/Alura/Android/alura-viagens/app/build/outputs/apk/debug/app-debug.apk&#10;com.android.ddmlib.InstallException: INSTALL_FAILED_UPDATE_INCOMPATIBLE: Package br.com.alura.aluraviagens signatures do not match previously installed version; ignoring!&#10;	at com.android.ddmlib.Device.installRemotePackage(Device.java:1168)&#10;	at com.android.ddmlib.Device.installPackage(Device.java:998)&#10;	at com.android.ddmlib.Device.installPackage(Device.java:974)&#10;	at com.android.ddmlib.Device.installPackage(Device.java:963)&#10;	at com.android.build.gradle.internal.testing.ConnectedDevice.installPackage(ConnectedDevice.java:126)&#10;	at com.android.build.gradle.internal.tasks.InstallVariantTask.install(InstallVariantTask.java:163)&#10;	at com.android.build.gradle.internal.tasks.InstallVariantTask.lambda$doTaskAction$1(InstallVariantTask.java:100)&#10;	at com.android.builder.testing.api.DeviceProvider.use(DeviceProvider.java:53)&#10;	at com.android.build.gradle.internal.tasks.InstallVariantTask.doTaskAction(InstallVariantTask.java:92)&#10;	at com.android.build.gradle.internal.tasks.NonIncrementalTask$taskAction$$inlined$recordTaskAction$1.invoke(AndroidVariantTask.kt:74)&#10;	at com.android.build.gradle.internal.tasks.NonIncrementalTask$taskAction$$inlined$recordTaskAction$1.invoke(AndroidVariantTask.kt:34)&#10;	at com.android.build.gradle.internal.tasks.Blocks.recordSpan(Blocks.java:91)&#10;	at com.android.build.gradle.internal.tasks.NonIncrementalTask.taskAction(NonIncrementalTask.kt:57)&#10;	at sun.reflect.GeneratedMethodAccessor364.invoke(Unknown Source)&#10;	at sun.reflect.DelegatingMethodAccessorImpl.invoke(DelegatingMethodAccessorImpl.java:43)&#10;	at java.lang.reflect.Method.invoke(Method.java:498)&#10;	at org.gradle.internal.reflect.JavaMethod.invoke(JavaMethod.java:104)&#10;	at org.gradle.api.internal.project.taskfactory.StandardTaskAction.doExecute(StandardTaskAction.java:49)&#10;	at org.gradle.api.internal.project.taskfactory.StandardTaskAction.execute(StandardTaskAction.java:42)&#10;	at org.gradle.api.internal.project.taskfactory.StandardTaskAction.execute(StandardTaskAction.java:28)&#10;	at org.gradle.api.internal.AbstractTask$TaskActionWrapper.execute(AbstractTask.java:727)&#10;	at org.gradle.api.internal.AbstractTask$TaskActionWrapper.execute(AbstractTask.java:694)&#10;	at org.gradle.api.internal.tasks.execution.ExecuteActionsTaskExecuter$3.run(ExecuteActionsTaskExecuter.java:568)&#10;	at org.gradle.internal.operations.DefaultBuildOperationExecutor$RunnableBuildOperationWorker.execute(DefaultBuildOperationExecutor.java:402)&#10;	at org.gradle.internal.operations.DefaultBuildOperationExecutor$RunnableBuildOperationWorker.execute(DefaultBuildOperationExecutor.java:394)&#10;	at org.gradle.internal.operations.DefaultBuildOperationExecutor$1.execute(DefaultBuildOperationExecutor.java:165)&#10;	at org.gradle.internal.operations.DefaultBuildOperationExecutor.execute(DefaultBuildOperationExecutor.java:250)&#10;	at org.gradle.internal.operations.DefaultBuildOperationExecutor.execute(DefaultBuildOperationExecutor.java:158)&#10;	at org.gradle.internal.operations.DefaultBuildOperationExecutor.run(DefaultBuildOperationExecutor.java:92)&#10;	at org.gradle.internal.operations.DelegatingBuildOperationExecutor.run(DelegatingBuildOperationExecutor.java:31)&#10;	at org.gradle.api.internal.tasks.execution.ExecuteActionsTaskExecuter.executeAction(ExecuteActionsTaskExecuter.java:553)&#10;	at org.gradle.api.internal.tasks.execution.ExecuteActionsTaskExecuter.executeActions(ExecuteActionsTaskExecuter.java:536)&#10;	at org.gradle.api.internal.tasks.execution.ExecuteActionsTaskExecuter.access$300(ExecuteActionsTaskExecuter.java:109)&#10;	at org.gradle.api.internal.tasks.execution.ExecuteActionsTaskExecuter$TaskExecution.executeWithPreviousOutputFiles(ExecuteActionsTaskExecuter.java:276)&#10;	at org.gradle.api.internal.tasks.execution.ExecuteActionsTaskExecuter$TaskExecution.execute(ExecuteActionsTaskExecuter.java:265)&#10;	at org.gradle.internal.execution.steps.ExecuteStep.lambda$execute$1(ExecuteStep.java:33)&#10;	at java.util.Optional.orElseGet(Optional.java:267)&#10;	at org.gradle.internal.execution.steps.ExecuteStep.execute(ExecuteStep.java:33)&#10;	at org.gradle.internal.execution.steps.ExecuteStep.execute(ExecuteStep.java:26)&#10;	at org.gradle.internal.execution.steps.CleanupOutputsStep.execute(CleanupOutputsStep.java:63)&#10;	at org.gradle.internal.execution.steps.CleanupOutputsStep.execute(CleanupOutputsStep.java:35)&#10;	at org.gradle.internal.execution.steps.ResolveInputChangesStep.execute(ResolveInputChangesStep.java:49)&#10;	at org.gradle.internal.execution.steps.ResolveInputChangesStep.execute(ResolveInputChangesStep.java:34)&#10;	at org.gradle.internal.execution.steps.CancelExecutionStep.execute(CancelExecutionStep.java:43)&#10;	at org.gradle.internal.execution.steps.TimeoutStep.executeWithoutTimeout(TimeoutStep.java:73)&#10;	at org.gradle.internal.execution.steps.TimeoutStep.execute(TimeoutStep.java:54)&#10;	at org.gradle.internal.execution.steps.CatchExceptionStep.execute(CatchExceptionStep.java:34)&#10;	at org.gradle.internal.execution.steps.CreateOutputsStep.execute(CreateOutputsStep.java:44)&#10;	at org.gradle.internal.execution.steps.SnapshotOutputsStep.execute(SnapshotOutputsStep.java:54)&#10;	at org.gradle.internal.execution.steps.SnapshotOutputsStep.execute(SnapshotOutputsStep.java:38)&#10;	at org.gradle.internal.execution.steps.BroadcastChangingOutputsStep.execute(BroadcastChangingOutputsStep.java:49)&#10;	at org.gradle.internal.execution.steps.CacheStep.executeWithoutCache(CacheStep.java:153)&#10;	at org.gradle.internal.execution.steps.CacheStep.execute(CacheStep.java:67)&#10;	at org.gradle.internal.execution.steps.CacheStep.execute(CacheStep.java:41)&#10;	at org.gradle.internal.execution.steps.StoreExecutionStateStep.execute(StoreExecutionStateStep.java:44)&#10;	at org.gradle.internal.execution.steps.StoreExecutionStateStep.execute(StoreExecutionStateStep.java:33)&#10;	at org.gradle.internal.execution.steps.RecordOutputsStep.execute(RecordOutputsStep.java:38)&#10;	at org.gradle.internal.execution.steps.RecordOutputsStep.execute(RecordOutputsStep.java:24)&#10;	at org.gradle.internal.execution.steps.SkipUpToDateStep.executeBecause(SkipUpToDateStep.java:92)&#10;	at org.gradle.internal.execution.steps.SkipUpToDateStep.lambda$execute$0(SkipUpToDateStep.java:85)&#10;	at java.util.Optional.map(Optional.java:215)&#10;	at org.gradle.internal.execution.steps.SkipUpToDateStep.execute(SkipUpToDateStep.java:55)&#10;	at org.gradle.internal.execution.steps.SkipUpToDateStep.execute(SkipUpToDateStep.java:39)&#10;	at org.gradle.internal.execution.steps.ResolveChangesStep.execute(ResolveChangesStep.java:76)&#10;	at org.gradle.internal.execution.steps.ResolveChangesStep.execute(ResolveChangesStep.java:37)&#10;	at org.gradle.internal.execution.steps.legacy.MarkSnapshottingInputsFinishedStep.execute(MarkSnapshottingInputsFinishedStep.java:36)&#10;	at org.gradle.internal.execution.steps.legacy.MarkSnapshottingInputsFinishedStep.execute(MarkSnapshottingInputsFinishedStep.java:26)&#10;	at org.gradle.internal.execution.steps.ResolveCachingStateStep.execute(ResolveCachingStateStep.java:94)&#10;	at org.gradle.internal.execution.steps.ResolveCachingStateStep.execute(ResolveCachingStateStep.java:49)&#10;	at org.gradle.internal.execution.steps.CaptureStateBeforeExecutionStep.execute(CaptureStateBeforeExecutionStep.java:79)&#10;	at org.gradle.internal.execution.steps.CaptureStateBeforeExecutionStep.execute(CaptureStateBeforeExecutionStep.java:53)&#10;	at org.gradle.internal.execution.steps.ValidateStep.execute(ValidateStep.java:74)&#10;	at org.gradle.internal.execution.steps.SkipEmptyWorkStep.lambda$execute$2(SkipEmptyWorkStep.java:78)&#10;	at java.util.Optional.orElseGet(Optional.java:267)&#10;	at org.gradle.internal.execution.steps.SkipEmptyWorkStep.execute(SkipEmptyWorkStep.java:78)&#10;	at org.gradle.internal.execution.steps.SkipEmptyWorkStep.execute(SkipEmptyWorkStep.java:34)&#10;	at org.gradle.internal.execution.steps.legacy.MarkSnapshottingInputsStartedStep.execute(MarkSnapshottingInputsStartedStep.java:39)&#10;	at org.gradle.internal.execution.steps.LoadExecutionStateStep.execute(LoadExecutionStateStep.java:40)&#10;	at org.gradle.internal.execution.steps.LoadExecutionStateStep.execute(LoadExecutionStateStep.java:28)&#10;	at org.gradle.internal.execution.impl.DefaultWorkExecutor.execute(DefaultWorkExecutor.java:33)&#10;	at org.gradle.api.internal.tasks.execution.ExecuteActionsTaskExecuter.executeIfValid(ExecuteActionsTaskExecuter.java:192)&#10;	at org.gradle.api.internal.tasks.execution.ExecuteActionsTaskExecuter.execute(ExecuteActionsTaskExecuter.java:184)&#10;	at org.gradle.api.internal.tasks.execution.CleanupStaleOutputsExecuter.execute(CleanupStaleOutputsExecuter.java:109)&#10;	at org.gradle.api.internal.tasks.execution.FinalizePropertiesTaskExecuter.execute(FinalizePropertiesTaskExecuter.java:46)&#10;	at org.gradle.api.internal.tasks.execution.ResolveTaskExecutionModeExecuter.execute(ResolveTaskExecutionModeExecuter.java:62)&#10;	at org.gradle.api.internal.tasks.execution.SkipTaskWithNoActionsExecuter.execute(SkipTaskWithNoActionsExecuter.java:57)&#10;	at org.gradle.api.internal.tasks.execution.SkipOnlyIfTaskExecuter.execute(SkipOnlyIfTaskExecuter.java:56)&#10;	at org.gradle.api.internal.tasks.execution.CatchExceptionTaskExecuter.execute(CatchExceptionTaskExecuter.java:36)&#10;	at org.gradle.api.internal.tasks.execution.EventFiringTaskExecuter$1.executeTask(EventFiringTaskExecuter.java:77)&#10;	at org.gradle.api.internal.tasks.execution.EventFiringTaskExecuter$1.call(EventFiringTaskExecuter.java:55)&#10;	at org.gradle.api.internal.tasks.execution.EventFiringTaskExecuter$1.call(EventFiringTaskExecuter.java:52)&#10;	at org.gradle.internal.operations.DefaultBuildOperationExecutor$CallableBuildOperationWorker.execute(DefaultBuildOperationExecutor.java:416)&#10;	at org.gradle.internal.operations.DefaultBuildOperationExecutor$CallableBuildOperationWorker.execute(DefaultBuildOperationExecutor.java:406)&#10;	at org.gradle.internal.operations.DefaultBuildOperationExecutor$1.execute(DefaultBuildOperationExecutor.java:165)&#10;	at org.gradle.internal.operations.DefaultBuildOperationExecutor.execute(DefaultBuildOperationExecutor.java:250)&#10;	at org.gradle.internal.operations.DefaultBuildOperationExecutor.execute(DefaultBuildOperationExecutor.java:158)&#10;	at org.gradle.internal.operations.DefaultBuildOperationExecutor.call(DefaultBuildOperationExecutor.java:102)&#10;	at org.gradle.internal.operations.DelegatingBuildOperationExecutor.call(DelegatingBuildOperationExecutor.java:36)&#10;	at org.gradle.api.internal.tasks.execution.EventFiringTaskExecuter.execute(EventFiringTaskExecuter.java:52)&#10;	at org.gradle.execution.plan.LocalTaskNodeExecutor.execute(LocalTaskNodeExecutor.java:41)&#10;	at org.gradle.execution.taskgraph.DefaultTaskExecutionGraph$InvokeNodeExecutorsAction.execute(DefaultTaskExecutionGraph.java:372)&#10;	at org.gradle.execution.taskgraph.DefaultTaskExecutionGraph$InvokeNodeExecutorsAction.execute(DefaultTaskExecutionGraph.java:359)&#10;	at org.gradle.execution.taskgraph.DefaultTaskExecutionGraph$BuildOperationAwareExecutionAction.execute(DefaultTaskExecutionGraph.java:352)&#10;	at org.gradle.execution.taskgraph.DefaultTaskExecutionGraph$BuildOperationAwareExecutionAction.execute(DefaultTaskExecutionGraph.java:338)&#10;	at org.gradle.execution.plan.DefaultPlanExecutor$ExecutorWorker.lambda$run$0(DefaultPlanExecutor.java:127)&#10;	at org.gradle.execution.plan.DefaultPlanExecutor$ExecutorWorker.execute(DefaultPlanExecutor.java:191)&#10;	at org.gradle.execution.plan.DefaultPlanExecutor$ExecutorWorker.executeNextNode(DefaultPlanExecutor.java:182)&#10;	at org.gradle.execution.plan.DefaultPlanExecutor$ExecutorWorker.run(DefaultPlanExecutor.java:124)&#10;	at org.gradle.internal.concurrent.ExecutorPolicy$CatchAndRecordFailures.onExecute(ExecutorPolicy.java:64)&#10;	at org.gradle.internal.concurrent.ManagedExecutorImpl$1.run(ManagedExecutorImpl.java:48)&#10;	at java.util.concurrent.ThreadPoolExecutor.runWorker(ThreadPoolExecutor.java:1149)&#10;	at java.util.concurrent.ThreadPoolExecutor$Worker.run(ThreadPoolExecutor.java:624)&#10;	at org.gradle.internal.concurrent.ThreadFactoryImpl$ManagedThreadRunnable.run(ThreadFactoryImpl.java:56)&#10;	at java.lang.Thread.run(Thread.java:748)&#10;&#10;FAILURE: Build failed with an exception.&#10;&#10;* What went wrong:&#10;Execution failed for task ':app:installDebug'.&#10;&gt; java.util.concurrent.ExecutionException: com.android.builder.testing.api.DeviceException: com.android.ddmlib.InstallException: INSTALL_FAILED_UPDATE_INCOMPATIBLE: Package br.com.alura.aluraviagens signatures do not match previously installed version; ignoring!&#10;&#10;* Try:&#10;Run with --stacktrace option to get the stack trace. Run with --info or --debug option to get more log output. Run with --scan to get full insights.&#10;&#10;* Get more help at https://help.gradle.org&#10;&#10;BUILD FAILED in 1s&#10;22 actionable tasks: 1 executed, 21 up-to-date&#10;" />
        
      </testcase>
    
  </testsuite>
</testsuites>
